# JRE version: Java(TM) SE Runtime Environment (25.0.2+10) (build 25.0.2+10-LTS-69)
# Java VM: Java HotSpot(TM) 64-Bit Server VM (25.0.2+10-LTS-69, mixed mode, tiered, compressed oops, compressed class ptrs, g1 gc, windows-amd64)
GC Precious Log:
 CardTable entry size: 512
 Card Set container configuration: InlinePtr #cards 3 size 8 Array Of Cards #cards 128 size 272 Howl #buckets 8 coarsen threshold 29491 Howl Bitmap #cards 4096 size 528 coarsen threshold 3686 Card regions per heap region 1 cards per card region 32768
 CPUs: 24 total, 24 available
 Memory: 24275M
 Large Page Support: Disabled
 NUMA Support: Disabled
 Compressed Oops: Enabled (Zero based)
 Heap Region Size: 16M
 Heap Min Capacity: 128M
 Heap Initial Capacity: 128M
 Heap Max Capacity: 17008M
 Pre-touch: Disabled
 Parallel Workers: 18
 Concurrent Workers: 5
 Concurrent Refinement Workers: 18
 Periodic GC: Disabled
Heap:
 garbage-first heap   total reserved 17416192K, committed 1540096K, used 600697K [0x00000003d9000000, 0x0000000800000000)
  region size 16384K, 1 young (16384K), 1 survivors (16384K)
GC Heap Usage History (20 events):
Event: 28.055 {heap After GC invocations=26 (full 0):
 garbage-first heap   total reserved 17416192K, committed 442368K, used 214383K [0x00000003d9000000, 0x0000000800000000)
  region size 16384K, 1 young (16384K), 1 survivors (16384K)
}
Event: 28.368 {heap Before GC invocations=27 (full 0):
 garbage-first heap   total reserved 17416192K, committed 442368K, used 410991K [0x00000003d9000000, 0x0000000800000000)
  region size 16384K, 12 young (196608K), 1 survivors (16384K)
}
Event: 28.388 {heap After GC invocations=28 (full 0):
 garbage-first heap   total reserved 17416192K, committed 507904K, used 185734K [0x00000003d9000000, 0x0000000800000000)
  region size 16384K, 2 young (32768K), 2 survivors (32768K)
}
Event: 28.544 {heap Before GC invocations=28 (full 0):
 garbage-first heap   total reserved 17416192K, committed 507904K, used 431494K [0x00000003d9000000, 0x0000000800000000)
  region size 16384K, 17 young (278528K), 2 survivors (32768K)
}
Event: 28.581 {heap After GC invocations=29 (full 0):
 garbage-first heap   total reserved 17416192K, committed 573440K, used 286284K [0x00000003d9000000, 0x0000000800000000)
  region size 16384K, 3 young (49152K), 3 survivors (49152K)
}
Event: 28.653 {heap Before GC invocations=29 (full 0):
 garbage-first heap   total reserved 17416192K, committed 573440K, used 450124K [0x00000003d9000000, 0x0000000800000000)
  region size 16384K, 13 young (212992K), 3 survivors (49152K)
}
Event: 28.687 {heap After GC invocations=30 (full 0):
 garbage-first heap   total reserved 17416192K, committed 589824K, used 376554K [0x00000003d9000000, 0x0000000800000000)
  region size 16384K, 2 young (32768K), 2 survivors (32768K)
}
Event: 28.742 {heap Before GC invocations=30 (full 0):
 garbage-first heap   total reserved 17416192K, committed 589824K, used 474858K [0x00000003d9000000, 0x0000000800000000)
  region size 16384K, 8 young (131072K), 2 survivors (32768K)
}
Event: 28.764 {heap After GC invocations=31 (full 0):
 garbage-first heap   total reserved 17416192K, committed 589824K, used 437213K [0x00000003d9000000, 0x0000000800000000)
  region size 16384K, 1 young (16384K), 1 survivors (16384K)
}
Event: 28.793 {heap Before GC invocations=31 (full 0):
 garbage-first heap   total reserved 17416192K, committed 589824K, used 502749K [0x00000003d9000000, 0x0000000800000000)
  region size 16384K, 5 young (81920K), 1 survivors (16384K)
}
Event: 30.286 {heap After GC invocations=32 (full 0):
 garbage-first heap   total reserved 17416192K, committed 1540096K, used 477132K [0x00000003d9000000, 0x0000000800000000)
  region size 16384K, 1 young (16384K), 1 survivors (16384K)
}
Event: 30.343 {heap Before GC invocations=33 (full 0):
 garbage-first heap   total reserved 17416192K, committed 1540096K, used 526284K [0x00000003d9000000, 0x0000000800000000)
  region size 16384K, 4 young (65536K), 1 survivors (16384K)
}
Event: 30.358 {heap After GC invocations=34 (full 0):
 garbage-first heap   total reserved 17416192K, committed 1540096K, used 507632K [0x00000003d9000000, 0x0000000800000000)
  region size 16384K, 1 young (16384K), 1 survivors (16384K)
}
Event: 30.383 {heap Before GC invocations=34 (full 0):
 garbage-first heap   total reserved 17416192K, committed 1540096K, used 556784K [0x00000003d9000000, 0x0000000800000000)
  region size 16384K, 4 young (65536K), 1 survivors (16384K)
}
Event: 30.397 {heap After GC invocations=35 (full 0):
 garbage-first heap   total reserved 17416192K, committed 1540096K, used 534588K [0x00000003d9000000, 0x0000000800000000)
  region size 16384K, 1 young (16384K), 1 survivors (16384K)
}
Event: 30.425 {heap Before GC invocations=35 (full 0):
 garbage-first heap   total reserved 17416192K, committed 1540096K, used 583740K [0x00000003d9000000, 0x0000000800000000)
  region size 16384K, 4 young (65536K), 1 survivors (16384K)
}
Event: 30.438 {heap After GC invocations=36 (full 0):
 garbage-first heap   total reserved 17416192K, committed 1540096K, used 561042K [0x00000003d9000000, 0x0000000800000000)
  region size 16384K, 1 young (16384K), 1 survivors (16384K)
}
Event: 30.469 {heap Before GC invocations=36 (full 0):
 garbage-first heap   total reserved 17416192K, committed 1540096K, used 610194K [0x00000003d9000000, 0x0000000800000000)
  region size 16384K, 4 young (65536K), 1 survivors (16384K)
}
Event: 30.481 {heap After GC invocations=37 (full 0):
 garbage-first heap   total reserved 17416192K, committed 1540096K, used 579693K [0x00000003d9000000, 0x0000000800000000)
  region size 16384K, 1 young (16384K), 1 survivors (16384K)
}
Event: 30.514 {heap Before GC invocations=37 (full 0):
 garbage-first heap   total reserved 17416192K, committed 1540096K, used 628845K [0x00000003d9000000, 0x0000000800000000)
  region size 16384K, 4 young (65536K), 1 survivors (16384K)
}

