# JRE version: Java(TM) SE Runtime Environment (25.0.2+10) (build 25.0.2+10-LTS-69)
# Java VM: Java HotSpot(TM) 64-Bit Server VM (25.0.2+10-LTS-69, mixed mode, tiered, compressed oops, compressed class ptrs, g1 gc, windows-amd64)
GC Precious Log:
 CardTable entry size: 512
 Card Set container configuration: InlinePtr #cards 3 size 8 Array Of Cards #cards 128 size 272 Howl #buckets 8 coarsen threshold 29491 Howl Bitmap #cards 4096 size 528 coarsen threshold 3686 Card regions per heap region 1 cards per card region 32768
 CPUs: 24 total, 24 available
 Memory: 24275M
 Large Page Support: Disabled
 NUMA Support: Disabled
 Compressed Oops: Enabled (Zero based)
 Heap Region Size: 16M
 Heap Min Capacity: 128M
 Heap Initial Capacity: 128M
 Heap Max Capacity: 17008M
 Pre-touch: Disabled
 Parallel Workers: 18
 Concurrent Workers: 5
 Concurrent Refinement Workers: 18
 Periodic GC: Disabled
Heap:
 garbage-first heap   total reserved 17416192K, committed 3506176K, used 2066171K [0x00000003d9000000, 0x0000000800000000)
  region size 16384K, 7 young (114688K), 7 survivors (114688K)
GC Heap Usage History (20 events):
Event: 15.099 {heap After GC invocations=40 (full 0):
 garbage-first heap   total reserved 17416192K, committed 3506176K, used 1175317K [0x00000003d9000000, 0x0000000800000000)
  region size 16384K, 1 young (16384K), 1 survivors (16384K)
}
Event: 20.059 {heap Before GC invocations=41 (full 0):
 garbage-first heap   total reserved 17416192K, committed 3506176K, used 2502421K [0x00000003d9000000, 0x0000000800000000)
  region size 16384K, 82 young (1343488K), 1 survivors (16384K)
}
Event: 20.132 {heap After GC invocations=42 (full 0):
 garbage-first heap   total reserved 17416192K, committed 3506176K, used 1351754K [0x00000003d9000000, 0x0000000800000000)
  region size 16384K, 11 young (180224K), 11 survivors (180224K)
}
Event: 83.028 {heap Before GC invocations=42 (full 0):
 garbage-first heap   total reserved 17416192K, committed 3506176K, used 2973770K [0x00000003d9000000, 0x0000000800000000)
  region size 16384K, 111 young (1818624K), 11 survivors (180224K)
}
Event: 83.080 {heap After GC invocations=43 (full 0):
 garbage-first heap   total reserved 17416192K, committed 3506176K, used 1376926K [0x00000003d9000000, 0x0000000800000000)
  region size 16384K, 2 young (32768K), 2 survivors (32768K)
}
Event: 84.658 {heap Before GC invocations=43 (full 0):
 garbage-first heap   total reserved 17416192K, committed 3506176K, used 3015326K [0x00000003d9000000, 0x0000000800000000)
  region size 16384K, 103 young (1687552K), 2 survivors (32768K)
}
Event: 84.683 {heap After GC invocations=44 (full 0):
 garbage-first heap   total reserved 17416192K, committed 3506176K, used 1419454K [0x00000003d9000000, 0x0000000800000000)
  region size 16384K, 5 young (81920K), 5 survivors (81920K)
}
Event: 85.405 {heap Before GC invocations=44 (full 0):
 garbage-first heap   total reserved 17416192K, committed 3506176K, used 3074238K [0x00000003d9000000, 0x0000000800000000)
  region size 16384K, 107 young (1753088K), 5 survivors (81920K)
}
Event: 85.462 {heap After GC invocations=45 (full 0):
 garbage-first heap   total reserved 17416192K, committed 3506176K, used 1505129K [0x00000003d9000000, 0x0000000800000000)
  region size 16384K, 10 young (163840K), 10 survivors (163840K)
}
Event: 86.563 {heap Before GC invocations=46 (full 0):
 garbage-first heap   total reserved 17416192K, committed 3506176K, used 3110761K [0x00000003d9000000, 0x0000000800000000)
  region size 16384K, 108 young (1769472K), 10 survivors (163840K)
}
Event: 86.614 {heap After GC invocations=47 (full 0):
 garbage-first heap   total reserved 17416192K, committed 3506176K, used 1500967K [0x00000003d9000000, 0x0000000800000000)
  region size 16384K, 8 young (131072K), 8 survivors (131072K)
}
Event: 87.389 {heap Before GC invocations=47 (full 0):
 garbage-first heap   total reserved 17416192K, committed 3506176K, used 3139367K [0x00000003d9000000, 0x0000000800000000)
  region size 16384K, 109 young (1785856K), 8 survivors (131072K)
}
Event: 87.451 {heap After GC invocations=48 (full 0):
 garbage-first heap   total reserved 17416192K, committed 3506176K, used 1614321K [0x00000003d9000000, 0x0000000800000000)
  region size 16384K, 14 young (229376K), 14 survivors (229376K)
}
Event: 88.033 {heap Before GC invocations=48 (full 0):
 garbage-first heap   total reserved 17416192K, committed 3506176K, used 3138033K [0x00000003d9000000, 0x0000000800000000)
  region size 16384K, 107 young (1753088K), 14 survivors (229376K)
}
Event: 88.098 {heap After GC invocations=49 (full 0):
 garbage-first heap   total reserved 17416192K, committed 3506176K, used 1741076K [0x00000003d9000000, 0x0000000800000000)
  region size 16384K, 9 young (147456K), 9 survivors (147456K)
}
Event: 88.564 {heap Before GC invocations=49 (full 0):
 garbage-first heap   total reserved 17416192K, committed 3506176K, used 3150100K [0x00000003d9000000, 0x0000000800000000)
  region size 16384K, 96 young (1572864K), 9 survivors (147456K)
}
Event: 88.609 {heap After GC invocations=50 (full 0):
 garbage-first heap   total reserved 17416192K, committed 3506176K, used 1859890K [0x00000003d9000000, 0x0000000800000000)
  region size 16384K, 9 young (147456K), 9 survivors (147456K)
}
Event: 88.999 {heap Before GC invocations=51 (full 0):
 garbage-first heap   total reserved 17416192K, committed 3506176K, used 3154226K [0x00000003d9000000, 0x0000000800000000)
  region size 16384K, 89 young (1458176K), 9 survivors (147456K)
}
Event: 89.047 {heap After GC invocations=52 (full 0):
 garbage-first heap   total reserved 17416192K, committed 3506176K, used 1978449K [0x00000003d9000000, 0x0000000800000000)
  region size 16384K, 8 young (131072K), 8 survivors (131072K)
}
Event: 89.591 {heap Before GC invocations=52 (full 0):
 garbage-first heap   total reserved 17416192K, committed 3506176K, used 3207249K [0x00000003d9000000, 0x0000000800000000)
  region size 16384K, 83 young (1359872K), 8 survivors (131072K)
}

